<?xml version="1.0" encoding="UTF-8"?>
<!-- Generated by org.testng.reporters.JUnitReportReporter -->
<testsuite skipped="0" hostname="WLW7-RAVIG" name="com.org.LearningMaven.HallowWorld" tests="1" failures="0" timestamp="08 Jul 2018 13:08:32 GMT" time="16.117" errors="0">
  <testcase name="login" time="16.117" classname="com.org.LearningMaven.HallowWorld"/>
</testsuite> <!-- com.org.LearningMaven.HallowWorld -->
